Using pre-set license
Built from '2020.3/staging' branch; Version is '2020.3.5f1 (8095aa901b9b) revision 8426922'; Using compiler version '192528614'; Build Type 'Release'
OS: 'Windows 10 Home Single Language; OS build 19042.1052; Version 2009; 64bit' Language: 'en' Physical Memory: 8072 MB
BatchMode: 1, IsHumanControllingUs: 0, StartBugReporterOnCrash: 0, Is64bit: 1, IsPro: 0

 COMMAND LINE ARGUMENTS:
C:\Program Files\Unity\Hub\Editor\2020.3.5f1\Editor\Unity.exe
-adb2
-batchMode
-noUpm
-name
AssetImportWorker0
-projectPath
E:/GameDevProject/gameSummer2021
-logFile
Logs/AssetImportWorker0.log
-srvPort
55199
Successfully changed project path to: E:/GameDevProject/gameSummer2021
E:/GameDevProject/gameSummer2021
Using Asset Import Pipeline V2.
Refreshing native plugins compatible for Editor in 63.76 ms, found 1 plugins.
Preloading 0 native plugins for Editor in 0.00 ms.
Initialize engine version: 2020.3.5f1 (8095aa901b9b)
[Subsystems] Discovering subsystems at path C:/Program Files/Unity/Hub/Editor/2020.3.5f1/Editor/Data/Resources/UnitySubsystems
[Subsystems] Discovering subsystems at path E:/GameDevProject/gameSummer2021/Assets
GfxDevice: creating device client; threaded=0
Direct3D:
    Version:  Direct3D 11.0 [level 11.1]
    Renderer: NVIDIA GeForce GTX 1050 (ID=0x1c91)
    Vendor:   
    VRAM:     2996 MB
    Driver:   27.21.14.5167
Initialize mono
Mono path[0] = 'C:/Program Files/Unity/Hub/Editor/2020.3.5f1/Editor/Data/Managed'
Mono path[1] = 'C:/Program Files/Unity/Hub/Editor/2020.3.5f1/Editor/Data/MonoBleedingEdge/lib/mono/unityjit'
Mono config path = 'C:/Program Files/Unity/Hub/Editor/2020.3.5f1/Editor/Data/MonoBleedingEdge/etc'
Using monoOptions --debugger-agent=transport=dt_socket,embedding=1,server=y,suspend=n,address=127.0.0.1:56296
Begin MonoManager ReloadAssembly
Registering precompiled unity dll's ...
Register platform support module: C:/Program Files/Unity/Hub/Editor/2020.3.5f1/Editor/Data/PlaybackEngines/WebGLSupport/UnityEditor.WebGL.Extensions.dll
Register platform support module: C:/Program Files/Unity/Hub/Editor/2020.3.5f1/Editor/Data/PlaybackEngines/WindowsStandaloneSupport/UnityEditor.WindowsStandalone.Extensions.dll
Registered in 0.004102 seconds.
Native extension for WindowsStandalone target not found
Native extension for WebGL target not found
Refreshing native plugins compatible for Editor in 67.74 ms, found 1 plugins.
Preloading 0 native plugins for Editor in 0.00 ms.
Mono: successfully reloaded assembly
- Completed reload, in  2.034 seconds
Platform modules already initialized, skipping
Registering precompiled user dll's ...
Registered in 0.001875 seconds.
Begin MonoManager ReloadAssembly
Native extension for WindowsStandalone target not found
Native extension for WebGL target not found
Refreshing native plugins compatible for Editor in 125.79 ms, found 1 plugins.
Preloading 0 native plugins for Editor in 0.00 ms.
Mono: successfully reloaded assembly
- Completed reload, in  2.809 seconds
Platform modules already initialized, skipping
========================================================================
Worker process is ready to serve import requests
Launched and connected shader compiler UnityShaderCompiler.exe after 0.12 seconds
Refreshing native plugins compatible for Editor in 0.94 ms, found 1 plugins.
Preloading 0 native plugins for Editor in 0.00 ms.
Unloading 1813 Unused Serialized files (Serialized files now loaded: 0)
System memory in use before: 85.1 MB.
System memory in use after: 85.0 MB.

Unloading 24 unused Assets to reduce memory usage. Loaded Objects now: 2257.
Total: 2.921700 ms (FindLiveObjects: 0.282900 ms CreateObjectMapping: 0.104600 ms MarkObjects: 2.330400 ms  DeleteObjects: 0.202000 ms)

========================================================================
Received Import Request.
  path: Assets/Scenes/inGame.unity
  artifactKey: Guid(2cda990e2423bbf4892e6590ba056729) Importer(815301076,1909f56bfc062723c751e8b465ee728b)
Start importing Assets/Scenes/inGame.unity using Guid(2cda990e2423bbf4892e6590ba056729) Importer(815301076,1909f56bfc062723c751e8b465ee728b)  -> (artifact id: 'ef7aa0342748ae8fa77bef0dfc560de5') in 0.031282 seconds
  Import took 0.071331 seconds .

========================================================================
Received Import Request.
  Time since last request: 2399.187085 seconds.
  path: Assets/prefabs/people3.prefab
  artifactKey: Guid(460b9f220b246c24cbaf1b19175118e6) Importer(815301076,1909f56bfc062723c751e8b465ee728b)
Start importing Assets/prefabs/people3.prefab using Guid(460b9f220b246c24cbaf1b19175118e6) Importer(815301076,1909f56bfc062723c751e8b465ee728b)  -> (artifact id: 'cbd968ed2c79ae2b6c67275958cb22b2') in 0.254115 seconds
  Import took 0.342575 seconds .

========================================================================
Received Prepare
Registering precompiled user dll's ...
Registered in 0.000909 seconds.
Begin MonoManager ReloadAssembly
Native extension for WindowsStandalone target not found
Native extension for WebGL target not found
Refreshing native plugins compatible for Editor in 0.53 ms, found 1 plugins.
Preloading 0 native plugins for Editor in 0.00 ms.
Mono: successfully reloaded assembly
- Completed reload, in  1.030 seconds
Platform modules already initialized, skipping
Refreshing native plugins compatible for Editor in 0.49 ms, found 1 plugins.
Preloading 0 native plugins for Editor in 0.00 ms.
Unloading 1808 Unused Serialized files (Serialized files now loaded: 0)
System memory in use before: 88.1 MB.
System memory in use after: 88.1 MB.

Unloading 12 unused Assets to reduce memory usage. Loaded Objects now: 2268.
Total: 7.803500 ms (FindLiveObjects: 0.618100 ms CreateObjectMapping: 0.283300 ms MarkObjects: 6.505400 ms  DeleteObjects: 0.392800 ms)

========================================================================
Received Import Request.
  Time since last request: 106.115888 seconds.
  path: Assets/prefabs/people3.prefab
  artifactKey: Guid(460b9f220b246c24cbaf1b19175118e6) Importer(815301076,1909f56bfc062723c751e8b465ee728b)
Start importing Assets/prefabs/people3.prefab using Guid(460b9f220b246c24cbaf1b19175118e6) Importer(815301076,1909f56bfc062723c751e8b465ee728b)  -> (artifact id: '54d205bdf60eda8c8b9e6e5ccdb53f83') in 0.081839 seconds
  Import took 0.109097 seconds .

========================================================================
Received Import Request.
  Time since last request: 0.000298 seconds.
  path: Assets/prefabs/people2.prefab
  artifactKey: Guid(4487416af1700194799ecefd84448d30) Importer(815301076,1909f56bfc062723c751e8b465ee728b)
Start importing Assets/prefabs/people2.prefab using Guid(4487416af1700194799ecefd84448d30) Importer(815301076,1909f56bfc062723c751e8b465ee728b)  -> (artifact id: '9ec73684b101e4df60ef1d4e0898dea1') in 0.044625 seconds
  Import took 0.094331 seconds .

========================================================================
Received Import Request.
  Time since last request: 0.000877 seconds.
  path: Assets/prefabs/people4.prefab
  artifactKey: Guid(09c364bb138ec3048890b7e223951f24) Importer(815301076,1909f56bfc062723c751e8b465ee728b)
Start importing Assets/prefabs/people4.prefab using Guid(09c364bb138ec3048890b7e223951f24) Importer(815301076,1909f56bfc062723c751e8b465ee728b)  -> (artifact id: 'a14f229da12946d99ed74381b2bf46d0') in 0.045739 seconds
  Import took 0.078811 seconds .

========================================================================
Received Import Request.
  Time since last request: 0.073695 seconds.
  path: Assets/prefabs/people5.prefab
  artifactKey: Guid(32e386589a34c5e47bdd367939c83187) Importer(815301076,1909f56bfc062723c751e8b465ee728b)
Start importing Assets/prefabs/people5.prefab using Guid(32e386589a34c5e47bdd367939c83187) Importer(815301076,1909f56bfc062723c751e8b465ee728b)  -> (artifact id: 'c2e4e22c37e14c61f225eda1c1144ae9') in 0.047738 seconds
  Import took 0.069082 seconds .

========================================================================
Received Import Request.
  Time since last request: 0.014398 seconds.
  path: Assets/prefabs/people5.prefab
  artifactKey: Guid(32e386589a34c5e47bdd367939c83187) Importer(815301076,1909f56bfc062723c751e8b465ee728b)
Start importing Assets/prefabs/people5.prefab using Guid(32e386589a34c5e47bdd367939c83187) Importer(815301076,1909f56bfc062723c751e8b465ee728b)  -> (artifact id: 'c2e4e22c37e14c61f225eda1c1144ae9') in 0.024567 seconds
  Import took 0.032276 seconds .

========================================================================
Received Prepare
Registering precompiled user dll's ...
Registered in 0.001024 seconds.
Begin MonoManager ReloadAssembly
Native extension for WindowsStandalone target not found
Native extension for WebGL target not found
Refreshing native plugins compatible for Editor in 1.05 ms, found 1 plugins.
Preloading 0 native plugins for Editor in 0.00 ms.
Mono: successfully reloaded assembly
- Completed reload, in  1.078 seconds
Platform modules already initialized, skipping
Refreshing native plugins compatible for Editor in 0.50 ms, found 1 plugins.
Preloading 0 native plugins for Editor in 0.00 ms.
Unloading 1808 Unused Serialized files (Serialized files now loaded: 0)
System memory in use before: 88.2 MB.
System memory in use after: 88.2 MB.

Unloading 12 unused Assets to reduce memory usage. Loaded Objects now: 2273.
Total: 2.767000 ms (FindLiveObjects: 0.455300 ms CreateObjectMapping: 0.177400 ms MarkObjects: 2.005700 ms  DeleteObjects: 0.126600 ms)

========================================================================
Received Import Request.
  Time since last request: 37.757802 seconds.
  path: Assets/prefabs/people3.prefab
  artifactKey: Guid(460b9f220b246c24cbaf1b19175118e6) Importer(815301076,1909f56bfc062723c751e8b465ee728b)
Start importing Assets/prefabs/people3.prefab using Guid(460b9f220b246c24cbaf1b19175118e6) Importer(815301076,1909f56bfc062723c751e8b465ee728b)  -> (artifact id: '159c5a0f93d8947c753b46ddb6d9e7ce') in 0.072824 seconds
  Import took 0.098267 seconds .

========================================================================
Received Import Request.
  Time since last request: 0.850385 seconds.
  path: Assets/prefabs/people4.prefab
  artifactKey: Guid(09c364bb138ec3048890b7e223951f24) Importer(815301076,1909f56bfc062723c751e8b465ee728b)
Start importing Assets/prefabs/people4.prefab using Guid(09c364bb138ec3048890b7e223951f24) Importer(815301076,1909f56bfc062723c751e8b465ee728b)  -> (artifact id: '90d2fd1da5e96347f6a65b6244eeb90b') in 0.017060 seconds
  Import took 0.131551 seconds .

========================================================================
Received Import Request.
  Time since last request: 6.900774 seconds.
  path: Assets/prefabs/people5.prefab
  artifactKey: Guid(32e386589a34c5e47bdd367939c83187) Importer(815301076,1909f56bfc062723c751e8b465ee728b)
Start importing Assets/prefabs/people5.prefab using Guid(32e386589a34c5e47bdd367939c83187) Importer(815301076,1909f56bfc062723c751e8b465ee728b)  -> (artifact id: 'c6c97044ba941d3c402eb22a04c01d91') in 0.025171 seconds
  Import took 0.044219 seconds .

========================================================================
Received Import Request.
  Time since last request: 6.888658 seconds.
  path: Assets/prefabs/people3.prefab
  artifactKey: Guid(460b9f220b246c24cbaf1b19175118e6) Importer(815301076,1909f56bfc062723c751e8b465ee728b)
Start importing Assets/prefabs/people3.prefab using Guid(460b9f220b246c24cbaf1b19175118e6) Importer(815301076,1909f56bfc062723c751e8b465ee728b)  -> (artifact id: '7f0ccad1363bcd4bd8c66c7e296f9897') in 0.020349 seconds
  Import took 0.040305 seconds .

========================================================================
Received Import Request.
  Time since last request: 0.007278 seconds.
  path: Assets/prefabs/people3.prefab
  artifactKey: Guid(460b9f220b246c24cbaf1b19175118e6) Importer(815301076,1909f56bfc062723c751e8b465ee728b)
Start importing Assets/prefabs/people3.prefab using Guid(460b9f220b246c24cbaf1b19175118e6) Importer(815301076,1909f56bfc062723c751e8b465ee728b)  -> (artifact id: '7f0ccad1363bcd4bd8c66c7e296f9897') in 0.031709 seconds
  Import took 0.036885 seconds .

========================================================================
Received Import Request.
  Time since last request: 3.901419 seconds.
  path: Assets/prefabs/people4.prefab
  artifactKey: Guid(09c364bb138ec3048890b7e223951f24) Importer(815301076,1909f56bfc062723c751e8b465ee728b)
Start importing Assets/prefabs/people4.prefab using Guid(09c364bb138ec3048890b7e223951f24) Importer(815301076,1909f56bfc062723c751e8b465ee728b)  -> (artifact id: 'd29f4bbecedb8015218355d6e3b04d5e') in 0.020211 seconds
  Import took 0.072811 seconds .

========================================================================
Received Import Request.
  Time since last request: 0.001068 seconds.
  path: Assets/prefabs/people4.prefab
  artifactKey: Guid(09c364bb138ec3048890b7e223951f24) Importer(815301076,1909f56bfc062723c751e8b465ee728b)
Start importing Assets/prefabs/people4.prefab using Guid(09c364bb138ec3048890b7e223951f24) Importer(815301076,1909f56bfc062723c751e8b465ee728b)  -> (artifact id: 'd29f4bbecedb8015218355d6e3b04d5e') in 0.019869 seconds
  Import took 0.023460 seconds .

========================================================================
Received Import Request.
  Time since last request: 6.464595 seconds.
  path: Assets/prefabs/people5.prefab
  artifactKey: Guid(32e386589a34c5e47bdd367939c83187) Importer(815301076,1909f56bfc062723c751e8b465ee728b)
Start importing Assets/prefabs/people5.prefab using Guid(32e386589a34c5e47bdd367939c83187) Importer(815301076,1909f56bfc062723c751e8b465ee728b)  -> (artifact id: '89eb0c5b43ec7f11f272ada89cbd17c3') in 0.027422 seconds
  Import took 0.033702 seconds .

========================================================================
Received Import Request.
  Time since last request: 0.002687 seconds.
  path: Assets/prefabs/people5.prefab
  artifactKey: Guid(32e386589a34c5e47bdd367939c83187) Importer(815301076,1909f56bfc062723c751e8b465ee728b)
Start importing Assets/prefabs/people5.prefab using Guid(32e386589a34c5e47bdd367939c83187) Importer(815301076,1909f56bfc062723c751e8b465ee728b)  -> (artifact id: '89eb0c5b43ec7f11f272ada89cbd17c3') in 0.032065 seconds
  Import took 0.038709 seconds .

========================================================================
Received Prepare
Registering precompiled user dll's ...
Registered in 0.002219 seconds.
Begin MonoManager ReloadAssembly
Native extension for WindowsStandalone target not found
Native extension for WebGL target not found
Refreshing native plugins compatible for Editor in 0.50 ms, found 1 plugins.
Preloading 0 native plugins for Editor in 0.00 ms.
Mono: successfully reloaded assembly
- Completed reload, in  0.946 seconds
Platform modules already initialized, skipping
Refreshing native plugins compatible for Editor in 0.51 ms, found 1 plugins.
Preloading 0 native plugins for Editor in 0.00 ms.
Unloading 1808 Unused Serialized files (Serialized files now loaded: 0)
System memory in use before: 88.3 MB.
System memory in use after: 88.3 MB.

Unloading 12 unused Assets to reduce memory usage. Loaded Objects now: 2278.
Total: 2.406300 ms (FindLiveObjects: 0.243800 ms CreateObjectMapping: 0.069900 ms MarkObjects: 1.999200 ms  DeleteObjects: 0.092200 ms)

AssetImportWorkerClient::OnTransportError - code=2 error=End of file
